<?xml version="1.0" encoding="UTF-8"?>
<!-- Generated by org.testng.reporters.JUnitReportReporter -->
<testsuite hostname="SEZLAP-7532" failures="0" tests="4" name="api.test.LoginTest" time="9.107" errors="0" timestamp="2024-02-26T23:36:38 IST" skipped="0">
  <testcase classname="api.test.LoginTest" name="getTokenWithoutclientId" time="1.464"/>
  <system-out/>
  <testcase classname="api.test.LoginTest" name="getToken" time="4.927"/>
  <system-out/>
  <testcase classname="api.test.LoginTest" name="getTokenWithoutUserName" time="0.997"/>
  <system-out/>
  <testcase classname="api.test.LoginTest" name="getTokenWithoutPassword" time="1.719"/>
  <system-out/>
</testsuite> <!-- api.test.LoginTest -->
