<?xml version="1.0" encoding="UTF-8"?>
<!-- Generated by org.testng.reporters.JUnitReportReporter -->
<testsuite hostname="SEZLAP-7532" failures="0" tests="1" name="api.test.PlacePersonalizedOrder" time="9.377" errors="0" timestamp="2024-02-13T21:53:23 IST" skipped="0">
  <testcase classname="api.test.PlacePersonalizedOrder" name="placeNonPersonalizedOrder" time="9.377"/>
  <system-out/>
</testsuite> <!-- api.test.PlacePersonalizedOrder -->
