<?xml version="1.0" encoding="UTF-8"?>
<!-- Generated by org.testng.reporters.JUnitReportReporter -->
<testsuite hostname="SEZLAP-7532" failures="0" tests="6" name="api.test.DDTests" time="8.945" errors="0" timestamp="2023-12-04T15:27:08 IST" skipped="0">
  <testcase classname="api.test.DDTests" name="testpostuser" time="1.477"/>
  <system-out/>
  <testcase classname="api.test.DDTests" name="testpostuser" time="1.494"/>
  <system-out/>
  <testcase classname="api.test.DDTests" name="testpostuser" time="1.550"/>
  <system-out/>
  <testcase classname="api.test.DDTests" name="deleteuser" time="1.452"/>
  <system-out/>
  <testcase classname="api.test.DDTests" name="deleteuser" time="1.496"/>
  <system-out/>
  <testcase classname="api.test.DDTests" name="deleteuser" time="1.476"/>
  <system-out/>
</testsuite> <!-- api.test.DDTests -->
