<?xml version="1.0" encoding="UTF-8"?>
<!-- Generated by org.testng.reporters.JUnitReportReporter -->
<testsuite hostname="SEZLAP-7532" failures="0" tests="3" name="api.test.PlacePersonalizedOrderTest" time="20.204" errors="0" timestamp="2024-03-06T21:31:10 IST" skipped="0">
  <testcase classname="api.test.PlacePersonalizedOrderTest" name="readpayload" time="0.002"/>
  <system-out/>
  <testcase classname="api.test.PlacePersonalizedOrderTest" name="placeNonPersonalizedOrder" time="10.307"/>
  <system-out/>
  <testcase classname="api.test.PlacePersonalizedOrderTest" name="placeNonPersonalizedOrder1" time="9.895"/>
  <system-out/>
</testsuite> <!-- api.test.PlacePersonalizedOrderTest -->
