<?xml version="1.0" encoding="UTF-8"?>
<!-- Generated by org.testng.reporters.JUnitReportReporter -->
<testsuite hostname="SEZLAP-7532" failures="0" tests="5" name="api.test.UserTests" time="9.216" errors="0" timestamp="2023-12-04T15:27:08 IST" skipped="0">
  <testcase classname="api.test.UserTests" name="createUser" time="3.103"/>
  <system-out/>
  <testcase classname="api.test.UserTests" name="createUserWithoutFirstName" time="1.520"/>
  <system-out/>
  <testcase classname="api.test.UserTests" name="getuser" time="1.542"/>
  <system-out/>
  <testcase classname="api.test.UserTests" name="updateuser" time="1.510"/>
  <system-out/>
  <testcase classname="api.test.UserTests" name="deleteUser" time="1.541"/>
  <system-out/>
</testsuite> <!-- api.test.UserTests -->
