<?xml version="1.0" encoding="UTF-8"?>
<!-- Generated by org.testng.reporters.JUnitReportReporter -->
<testsuite hostname="SEZLAP-7532" failures="0" tests="4" name="api.test.LoginTest" time="10.241" errors="0" timestamp="2024-02-17T20:19:07 IST" skipped="0">
  <testcase classname="api.test.LoginTest" name="getTokenWithoutUserName" time="4.129"/>
  <system-out/>
  <testcase classname="api.test.LoginTest" name="getTokenWithoutPassword" time="1.207"/>
  <system-out/>
  <testcase classname="api.test.LoginTest" name="getToken" time="3.736"/>
  <system-out/>
  <testcase classname="api.test.LoginTest" name="getTokenWithoutclientId" time="1.169"/>
  <system-out/>
</testsuite> <!-- api.test.LoginTest -->
