<?xml version="1.0" encoding="UTF-8"?>
<!-- Generated by org.testng.reporters.JUnitReportReporter -->
<testsuite hostname="SEZLAP-7532" failures="0" tests="1" name="api.utilities.Utils" time="4.107" errors="0" timestamp="2024-02-13T19:11:11 IST" skipped="0">
  <testcase classname="api.utilities.Utils" name="getToken" time="4.107"/>
  <system-out/>
</testsuite> <!-- api.utilities.Utils -->
