<?xml version="1.0" encoding="UTF-8"?>
<!-- Generated by org.testng.reporters.JUnitReportReporter -->
<testsuite hostname="SEZLAP-7532" failures="0" tests="1" name="api.test.UserTests" time="3.347" errors="0" timestamp="2024-02-09T23:39:02 IST" skipped="0">
  <testcase classname="api.test.UserTests" name="Createuserfirst" time="3.347"/>
  <system-out/>
</testsuite> <!-- api.test.UserTests -->
