<?xml version="1.0" encoding="UTF-8"?>
<!-- Generated by org.testng.reporters.JUnitReportReporter -->
<testsuite hostname="SEZLAP-7532" failures="0" tests="6" name="api.test.DDTests" time="11.152" errors="0" timestamp="2024-02-08T14:03:07 IST" skipped="0">
  <testcase classname="api.test.DDTests" name="testpostuser" time="1.918"/>
  <system-out/>
  <testcase classname="api.test.DDTests" name="testpostuser" time="1.839"/>
  <system-out/>
  <testcase classname="api.test.DDTests" name="testpostuser" time="1.878"/>
  <system-out/>
  <testcase classname="api.test.DDTests" name="deleteuser" time="1.708"/>
  <system-out/>
  <testcase classname="api.test.DDTests" name="deleteuser" time="1.878"/>
  <system-out/>
  <testcase classname="api.test.DDTests" name="deleteuser" time="1.931"/>
  <system-out/>
</testsuite> <!-- api.test.DDTests -->
