<?xml version="1.0" encoding="UTF-8"?>
<!-- Generated by org.testng.reporters.JUnitReportReporter -->
<testsuite hostname="SEZLAP-7532" failures="0" tests="3" name="api.test.PlacePersonalizedOrderTest" time="20.340" errors="0" timestamp="2024-02-26T18:06:18 IST" skipped="0">
  <testcase classname="api.test.PlacePersonalizedOrderTest" name="placeNonPersonalizedOrder1" time="10.235"/>
  <system-out/>
  <testcase classname="api.test.PlacePersonalizedOrderTest" name="readpayload" time="0.000"/>
  <system-out/>
  <testcase classname="api.test.PlacePersonalizedOrderTest" name="placeNonPersonalizedOrder" time="10.105"/>
  <system-out/>
</testsuite> <!-- api.test.PlacePersonalizedOrderTest -->
