<?xml version="1.0" encoding="UTF-8"?>
<!-- Generated by org.testng.reporters.JUnitReportReporter -->
<testsuite hostname="SEZLAP-7532" failures="0" tests="4" name="api.test.LoginTest" time="9.548" errors="0" timestamp="2024-02-19T15:25:50 IST" skipped="0">
  <testcase classname="api.test.LoginTest" name="getTokenWithoutclientId" time="1.711"/>
  <system-out/>
  <testcase classname="api.test.LoginTest" name="getTokenWithoutPassword" time="1.603"/>
  <system-out/>
  <testcase classname="api.test.LoginTest" name="getTokenWithoutUserName" time="1.594"/>
  <system-out/>
  <testcase classname="api.test.LoginTest" name="getToken" time="4.640"/>
  <system-out/>
</testsuite> <!-- api.test.LoginTest -->
