<?xml version="1.0" encoding="UTF-8"?>
<!-- Generated by org.testng.reporters.JUnitReportReporter -->
<testsuite hostname="SEZLAP-7532" failures="0" tests="4" name="api.test.LoginTest" time="9.360" errors="0" timestamp="2024-03-06T21:31:10 IST" skipped="0">
  <testcase classname="api.test.LoginTest" name="getToken" time="4.868"/>
  <system-out/>
  <testcase classname="api.test.LoginTest" name="getTokenWithoutPassword" time="1.842"/>
  <system-out/>
  <testcase classname="api.test.LoginTest" name="getTokenWithoutclientId" time="1.017"/>
  <system-out/>
  <testcase classname="api.test.LoginTest" name="getTokenWithoutUserName" time="1.633"/>
  <system-out/>
</testsuite> <!-- api.test.LoginTest -->
