<?xml version="1.0" encoding="UTF-8"?>
<!-- Generated by org.testng.reporters.JUnitReportReporter -->
<testsuite hostname="SEZLAP-7532" failures="0" tests="3" name="api.test.PlacePersonalizedOrderTest" time="18.718" errors="0" timestamp="2024-02-19T15:25:50 IST" skipped="0">
  <testcase classname="api.test.PlacePersonalizedOrderTest" name="placeNonPersonalizedOrder" time="10.094"/>
  <system-out/>
  <testcase classname="api.test.PlacePersonalizedOrderTest" name="placeNonPersonalizedOrder1" time="8.622"/>
  <system-out/>
  <testcase classname="api.test.PlacePersonalizedOrderTest" name="readpayload" time="0.002"/>
  <system-out/>
</testsuite> <!-- api.test.PlacePersonalizedOrderTest -->
