<?xml version="1.0" encoding="UTF-8"?>
<!-- Generated by org.testng.reporters.JUnitReportReporter -->
<testsuite hostname="SEZLAP-7532" failures="0" tests="4" name="api.test.LoginTest" time="10.244" errors="0" timestamp="2024-02-22T12:32:46 IST" skipped="0">
  <testcase classname="api.test.LoginTest" name="getTokenWithoutclientId" time="1.580"/>
  <system-out/>
  <testcase classname="api.test.LoginTest" name="getTokenWithoutPassword" time="1.732"/>
  <system-out/>
  <testcase classname="api.test.LoginTest" name="getTokenWithoutUserName" time="2.069"/>
  <system-out/>
  <testcase classname="api.test.LoginTest" name="getToken" time="4.863"/>
  <system-out/>
</testsuite> <!-- api.test.LoginTest -->
