<?xml version="1.0" encoding="UTF-8"?>
<!-- Generated by org.testng.reporters.JUnitReportReporter -->
<testsuite hostname="SEZLAP-7532" failures="0" tests="6" name="api.test.DDTests" time="11.019" errors="0" timestamp="2024-02-09T15:48:35 IST" skipped="0">
  <testcase classname="api.test.DDTests" name="testpostuser" time="1.894"/>
  <testcase classname="api.test.DDTests" name="testpostuser" time="1.803"/>
  <testcase classname="api.test.DDTests" name="testpostuser" time="1.940"/>
  <testcase classname="api.test.DDTests" name="deleteuser" time="1.808"/>
  <testcase classname="api.test.DDTests" name="deleteuser" time="1.836"/>
  <testcase classname="api.test.DDTests" name="deleteuser" time="1.738"/>
</testsuite> <!-- api.test.DDTests -->
