<?xml version="1.0" encoding="UTF-8"?>
<!-- Generated by org.testng.reporters.JUnitReportReporter -->
<testsuite hostname="SEZLAP-7532" failures="0" tests="6" name="api.test.DDTests" time="9.393" errors="0" timestamp="2023-12-04T15:43:39 IST" skipped="0">
  <testcase classname="api.test.DDTests" name="testpostuser" time="1.552"/>
  <testcase classname="api.test.DDTests" name="testpostuser" time="1.526"/>
  <testcase classname="api.test.DDTests" name="testpostuser" time="1.472"/>
  <testcase classname="api.test.DDTests" name="deleteuser" time="1.786"/>
  <testcase classname="api.test.DDTests" name="deleteuser" time="1.573"/>
  <testcase classname="api.test.DDTests" name="deleteuser" time="1.484"/>
</testsuite> <!-- api.test.DDTests -->
