<?xml version="1.0" encoding="UTF-8"?>
<!-- Generated by org.testng.reporters.JUnitReportReporter -->
<testsuite hostname="SEZLAP-7532" failures="0" tests="5" name="api.test.UserTests" time="9.280" errors="0" timestamp="2023-12-04T15:43:39 IST" skipped="0">
  <testcase classname="api.test.UserTests" name="createUser" time="3.138"/>
  <testcase classname="api.test.UserTests" name="createUserWithoutFirstName" time="1.533"/>
  <testcase classname="api.test.UserTests" name="getuser" time="1.526"/>
  <testcase classname="api.test.UserTests" name="updateuser" time="1.516"/>
  <testcase classname="api.test.UserTests" name="deleteUser" time="1.567"/>
</testsuite> <!-- api.test.UserTests -->
